<?xml version="1.0" encoding="UTF-8"?>
<testng-results ignored="0" total="2" passed="2" failed="0" skipped="0">
  <reporter-output>
  </reporter-output>
  <suite started-at="2022-06-15T23:07:17 IST" name="Suite" finished-at="2022-06-15T23:07:26 IST" duration-ms="9461">
    <groups>
    </groups>
    <test started-at="2022-06-15T23:07:17 IST" name="Test" finished-at="2022-06-15T23:07:26 IST" duration-ms="9461">
      <class name="test.LoginTest">
        <test-method is-config="true" signature="initBrowser()[pri:0, instance:test.LoginTest@6392827e]" started-at="2022-06-15T23:07:02 IST" name="initBrowser" finished-at="2022-06-15T23:07:17 IST" duration-ms="15152" status="PASS">
          <reporter-output>
          </reporter-output>
        </test-method> <!-- initBrowser -->
        <test-method is-config="true" signature="initObject()[pri:0, instance:test.LoginTest@6392827e]" started-at="2022-06-15T23:07:17 IST" name="initObject" finished-at="2022-06-15T23:07:17 IST" duration-ms="63" status="PASS">
          <reporter-output>
          </reporter-output>
        </test-method> <!-- initObject -->
        <test-method signature="VerifyButton()[pri:1, instance:test.LoginTest@6392827e]" started-at="2022-06-15T23:07:17 IST" name="VerifyButton" finished-at="2022-06-15T23:07:17 IST" duration-ms="311" status="PASS">
          <reporter-output>
          </reporter-output>
        </test-method> <!-- VerifyButton -->
        <test-method signature="login()[pri:2, instance:test.LoginTest@6392827e]" started-at="2022-06-15T23:07:17 IST" name="login" finished-at="2022-06-15T23:07:26 IST" duration-ms="9007" status="PASS">
          <reporter-output>
          </reporter-output>
        </test-method> <!-- login -->
        <test-method is-config="true" signature="tearsDown()[pri:0, instance:test.LoginTest@6392827e]" started-at="2022-06-15T23:07:26 IST" name="tearsDown" finished-at="2022-06-15T23:07:26 IST" duration-ms="202" status="PASS">
          <reporter-output>
          </reporter-output>
        </test-method> <!-- tearsDown -->
      </class> <!-- test.LoginTest -->
    </test> <!-- Test -->
  </suite> <!-- Suite -->
</testng-results>
