<?xml version="1.0" encoding="UTF-8"?>
<testng-results ignored="0" total="2" passed="2" failed="0" skipped="0">
  <reporter-output>
  </reporter-output>
  <suite started-at="2022-06-15T23:08:38 IST" name="Suite" finished-at="2022-06-15T23:08:47 IST" duration-ms="8926">
    <groups>
    </groups>
    <test started-at="2022-06-15T23:08:38 IST" name="Test" finished-at="2022-06-15T23:08:47 IST" duration-ms="8926">
      <class name="test.LoginTest">
        <test-method is-config="true" signature="initBrowser()[pri:0, instance:test.LoginTest@31fa1761]" started-at="2022-06-15T23:08:22 IST" name="initBrowser" finished-at="2022-06-15T23:08:38 IST" duration-ms="15402" status="PASS">
          <reporter-output>
          </reporter-output>
        </test-method> <!-- initBrowser -->
        <test-method is-config="true" signature="initObject()[pri:0, instance:test.LoginTest@31fa1761]" started-at="2022-06-15T23:08:38 IST" name="initObject" finished-at="2022-06-15T23:08:38 IST" duration-ms="67" status="PASS">
          <reporter-output>
          </reporter-output>
        </test-method> <!-- initObject -->
        <test-method signature="VerifyButton()[pri:1, instance:test.LoginTest@31fa1761]" started-at="2022-06-15T23:08:38 IST" name="VerifyButton" finished-at="2022-06-15T23:08:38 IST" duration-ms="264" status="PASS">
          <reporter-output>
          </reporter-output>
        </test-method> <!-- VerifyButton -->
        <test-method signature="login()[pri:2, instance:test.LoginTest@31fa1761]" started-at="2022-06-15T23:08:38 IST" name="login" finished-at="2022-06-15T23:08:47 IST" duration-ms="8476" status="PASS">
          <reporter-output>
          </reporter-output>
        </test-method> <!-- login -->
        <test-method is-config="true" signature="tearsDown()[pri:0, instance:test.LoginTest@31fa1761]" started-at="2022-06-15T23:08:47 IST" name="tearsDown" finished-at="2022-06-15T23:08:47 IST" duration-ms="167" status="PASS">
          <reporter-output>
          </reporter-output>
        </test-method> <!-- tearsDown -->
      </class> <!-- test.LoginTest -->
    </test> <!-- Test -->
  </suite> <!-- Suite -->
</testng-results>
